# JRE version: OpenJDK Runtime Environment (11.0.10) (build 11.0.10+0-b96-7249189)
# Java VM: OpenJDK 64-Bit Server VM (11.0.10+0-b96-7249189, mixed mode, tiered, compressed oops, g1 gc, linux-amd64)
Heap:
 garbage-first heap   total 418816K, used 129604K [0x0000000080000000, 0x0000000100000000)
  region size 1024K, 22 young (22528K), 3 survivors (3072K)
 Metaspace       used 128373K, capacity 131809K, committed 131968K, reserved 1165312K
  class space    used 15829K, capacity 17122K, committed 17152K, reserved 1048576K
GC Heap History (20 events):
Event: 949.855 GC heap before
{Heap before GC invocations=56 (full 0):
 garbage-first heap   total 418816K, used 118176K [0x0000000080000000, 0x0000000100000000)
  region size 1024K, 20 young (20480K), 5 survivors (5120K)
 Metaspace       used 124577K, capacity 127967K, committed 128256K, reserved 1161216K
  class space    used 15442K, capacity 16698K, committed 16768K, reserved 1048576K
}
Event: 949.902 GC heap after
{Heap after GC invocations=57 (full 0):
 garbage-first heap   total 418816K, used 99911K [0x0000000080000000, 0x0000000100000000)
  region size 1024K, 3 young (3072K), 3 survivors (3072K)
 Metaspace       used 124577K, capacity 127967K, committed 128256K, reserved 1161216K
  class space    used 15442K, capacity 16698K, committed 16768K, reserved 1048576K
}
Event: 950.785 GC heap before
{Heap before GC invocations=57 (full 0):
 garbage-first heap   total 418816K, used 131655K [0x0000000080000000, 0x0000000100000000)
  region size 1024K, 36 young (36864K), 3 survivors (3072K)
 Metaspace       used 124638K, capacity 127968K, committed 128256K, reserved 1161216K
  class space    used 15442K, capacity 16698K, committed 16768K, reserved 1048576K
}
Event: 950.806 GC heap after
{Heap after GC invocations=58 (full 0):
 garbage-first heap   total 418816K, used 100882K [0x0000000080000000, 0x0000000100000000)
  region size 1024K, 4 young (4096K), 4 survivors (4096K)
 Metaspace       used 124638K, capacity 127968K, committed 128256K, reserved 1161216K
  class space    used 15442K, capacity 16698K, committed 16768K, reserved 1048576K
}
Event: 954.404 GC heap before
{Heap before GC invocations=59 (full 0):
 garbage-first heap   total 418816K, used 157202K [0x0000000080000000, 0x0000000100000000)
  region size 1024K, 60 young (61440K), 4 survivors (4096K)
 Metaspace       used 125957K, capacity 129331K, committed 129664K, reserved 1163264K
  class space    used 15566K, capacity 16809K, committed 16896K, reserved 1048576K
}
Event: 954.446 GC heap after
{Heap after GC invocations=60 (full 0):
 garbage-first heap   total 418816K, used 103315K [0x0000000080000000, 0x0000000100000000)
  region size 1024K, 7 young (7168K), 7 survivors (7168K)
 Metaspace       used 125957K, capacity 129331K, committed 129664K, reserved 1163264K
  class space    used 15566K, capacity 16809K, committed 16896K, reserved 1048576K
}
Event: 954.751 GC heap before
{Heap before GC invocations=60 (full 0):
 garbage-first heap   total 418816K, used 109459K [0x0000000080000000, 0x0000000100000000)
  region size 1024K, 14 young (14336K), 7 survivors (7168K)
 Metaspace       used 126072K, capacity 129534K, committed 129664K, reserved 1163264K
  class space    used 15577K, capacity 16811K, committed 16896K, reserved 1048576K
}
Event: 954.841 GC heap after
{Heap after GC invocations=61 (full 0):
 garbage-first heap   total 418816K, used 101021K [0x0000000080000000, 0x0000000100000000)
  region size 1024K, 4 young (4096K), 4 survivors (4096K)
 Metaspace       used 126072K, capacity 129534K, committed 129664K, reserved 1163264K
  class space    used 15577K, capacity 16811K, committed 16896K, reserved 1048576K
}
Event: 956.990 GC heap before
{Heap before GC invocations=62 (full 0):
 garbage-first heap   total 418816K, used 162461K [0x0000000080000000, 0x0000000100000000)
  region size 1024K, 61 young (62464K), 4 survivors (4096K)
 Metaspace       used 126380K, capacity 129797K, committed 129920K, reserved 1163264K
  class space    used 15604K, capacity 16823K, committed 16896K, reserved 1048576K
}
Event: 957.106 GC heap after
{Heap after GC invocations=63 (full 0):
 garbage-first heap   total 418816K, used 107716K [0x0000000080000000, 0x0000000100000000)
  region size 1024K, 8 young (8192K), 8 survivors (8192K)
 Metaspace       used 126380K, capacity 129797K, committed 129920K, reserved 1163264K
  class space    used 15604K, capacity 16823K, committed 16896K, reserved 1048576K
}
Event: 957.785 GC heap before
{Heap before GC invocations=63 (full 0):
 garbage-first heap   total 418816K, used 130244K [0x0000000080000000, 0x0000000100000000)
  region size 1024K, 31 young (31744K), 8 survivors (8192K)
 Metaspace       used 126384K, capacity 129861K, committed 130176K, reserved 1163264K
  class space    used 15604K, capacity 16823K, committed 16896K, reserved 1048576K
}
Event: 957.856 GC heap after
{Heap after GC invocations=64 (full 0):
 garbage-first heap   total 418816K, used 109184K [0x0000000080000000, 0x0000000100000000)
  region size 1024K, 2 young (2048K), 2 survivors (2048K)
 Metaspace       used 126384K, capacity 129861K, committed 130176K, reserved 1163264K
  class space    used 15604K, capacity 16823K, committed 16896K, reserved 1048576K
}
Event: 959.040 GC heap before
{Heap before GC invocations=65 (full 0):
 garbage-first heap   total 418816K, used 135808K [0x0000000080000000, 0x0000000100000000)
  region size 1024K, 24 young (24576K), 2 survivors (2048K)
 Metaspace       used 126417K, capacity 129897K, committed 130176K, reserved 1163264K
  class space    used 15606K, capacity 16855K, committed 16896K, reserved 1048576K
}
Event: 959.103 GC heap after
{Heap after GC invocations=66 (full 0):
 garbage-first heap   total 418816K, used 115162K [0x0000000080000000, 0x0000000100000000)
  region size 1024K, 6 young (6144K), 6 survivors (6144K)
 Metaspace       used 126417K, capacity 129897K, committed 130176K, reserved 1163264K
  class space    used 15606K, capacity 16855K, committed 16896K, reserved 1048576K
}
Event: 1228.657 GC heap before
{Heap before GC invocations=67 (full 0):
 garbage-first heap   total 418816K, used 174554K [0x0000000080000000, 0x0000000100000000)
  region size 1024K, 44 young (45056K), 6 survivors (6144K)
 Metaspace       used 128126K, capacity 131635K, committed 131712K, reserved 1163264K
  class space    used 15822K, capacity 17111K, committed 17152K, reserved 1048576K
}
Event: 1228.715 GC heap after
{Heap after GC invocations=68 (full 0):
 garbage-first heap   total 418816K, used 110925K [0x0000000080000000, 0x0000000100000000)
  region size 1024K, 1 young (1024K), 1 survivors (1024K)
 Metaspace       used 128126K, capacity 131635K, committed 131712K, reserved 1163264K
  class space    used 15822K, capacity 17111K, committed 17152K, reserved 1048576K
}
Event: 2056.658 GC heap before
{Heap before GC invocations=68 (full 0):
 garbage-first heap   total 418816K, used 129357K [0x0000000080000000, 0x0000000100000000)
  region size 1024K, 20 young (20480K), 1 survivors (1024K)
 Metaspace       used 128201K, capacity 131705K, committed 131968K, reserved 1165312K
  class space    used 15824K, capacity 17113K, committed 17152K, reserved 1048576K
}
Event: 2056.887 GC heap after
{Heap after GC invocations=69 (full 0):
 garbage-first heap   total 418816K, used 109080K [0x0000000080000000, 0x0000000100000000)
  region size 1024K, 1 young (1024K), 1 survivors (1024K)
 Metaspace       used 128201K, capacity 131705K, committed 131968K, reserved 1165312K
  class space    used 15824K, capacity 17113K, committed 17152K, reserved 1048576K
}
Event: 2118.270 GC heap before
{Heap before GC invocations=69 (full 0):
 garbage-first heap   total 418816K, used 128536K [0x0000000080000000, 0x0000000100000000)
  region size 1024K, 20 young (20480K), 1 survivors (1024K)
 Metaspace       used 128244K, capacity 131707K, committed 131968K, reserved 1165312K
  class space    used 15824K, capacity 17113K, committed 17152K, reserved 1048576K
}
Event: 2118.396 GC heap after
{Heap after GC invocations=70 (full 0):
 garbage-first heap   total 418816K, used 111172K [0x0000000080000000, 0x0000000100000000)
  region size 1024K, 3 young (3072K), 3 survivors (3072K)
 Metaspace       used 128244K, capacity 131707K, committed 131968K, reserved 1165312K
  class space    used 15824K, capacity 17113K, committed 17152K, reserved 1048576K
}

